
> vibe-generated-app@1.0.0 dev
> vite


  VITE v5.4.20  ready in 194 ms

  ➜  Local:   http://localhost:3000/
  ➜  Network: http://172.20.124.158:3000/
8:26:50 AM [vite] Pre-transform error: Transform failed with 1 error:
/home/workspace/src/components/Cylinder.jsx:113:36: ERROR: Expected "}" but found "]"
8:26:50 AM [vite] Internal server error: Transform failed with 1 error:
/home/workspace/src/components/Cylinder.jsx:113:36: ERROR: Expected "}" but found "]"
  Plugin: vite:esbuild
  File: /home/workspace/src/components/Cylinder.jsx:113:36
  
  Expected "}" but found "]"
  111|                  return (
  112|                    <div
  113|                      key={`slat-${i}`]
     |                                      ^
  114|                      className="absolute top-0"
  115|                      style={{
  
      at failureErrorWithLog (/home/workspace/node_modules/esbuild/lib/main.js:1472:15)
      at /home/workspace/node_modules/esbuild/lib/main.js:755:50
      at responseCallbacks.<computed> (/home/workspace/node_modules/esbuild/lib/main.js:622:9)
      at handleIncomingPacket (/home/workspace/node_modules/esbuild/lib/main.js:677:12)
      at Socket.readFromStdout (/home/workspace/node_modules/esbuild/lib/main.js:600:7)
      at Socket.emit (node:events:508:28)
      at addChunk (node:internal/streams/readable:559:12)
      at readableAddChunkPushByteMode (node:internal/streams/readable:510:3)
      at Readable.push (node:internal/streams/readable:390:5)
      at Pipe.onStreamRead (node:internal/stream_base_commons:189:23)
8:27:14 AM [vite] Internal server error: Transform failed with 1 error:
/home/workspace/src/components/Cylinder.jsx:113:36: ERROR: Expected "}" but found "]"
  Plugin: vite:esbuild
  File: /home/workspace/src/components/Cylinder.jsx:113:36
  
  Expected "}" but found "]"
  111|                  return (
  112|                    <div
  113|                      key={`slat-${i}`]
     |                                      ^
  114|                      className="absolute top-0"
  115|                      style={{
  
      at failureErrorWithLog (/home/workspace/node_modules/esbuild/lib/main.js:1472:15)
      at /home/workspace/node_modules/esbuild/lib/main.js:755:50
      at responseCallbacks.<computed> (/home/workspace/node_modules/esbuild/lib/main.js:622:9)
      at handleIncomingPacket (/home/workspace/node_modules/esbuild/lib/main.js:677:12)
      at Socket.readFromStdout (/home/workspace/node_modules/esbuild/lib/main.js:600:7)
      at Socket.emit (node:events:508:28)
      at addChunk (node:internal/streams/readable:559:12)
      at readableAddChunkPushByteMode (node:internal/streams/readable:510:3)
      at Readable.push (node:internal/streams/readable:390:5)
      at Pipe.onStreamRead (node:internal/stream_base_commons:189:23)
8:27:24 AM [vite] Internal server error: Transform failed with 1 error:
/home/workspace/src/components/Cylinder.jsx:113:36: ERROR: Expected "}" but found "]"
  Plugin: vite:esbuild
  File: /home/workspace/src/components/Cylinder.jsx:113:36
  
  Expected "}" but found "]"
  111|                  return (
  112|                    <div
  113|                      key={`slat-${i}`]
     |                                      ^
  114|                      className="absolute top-0"
  115|                      style={{
  
      at failureErrorWithLog (/home/workspace/node_modules/esbuild/lib/main.js:1472:15)
      at /home/workspace/node_modules/esbuild/lib/main.js:755:50
      at responseCallbacks.<computed> (/home/workspace/node_modules/esbuild/lib/main.js:622:9)
      at handleIncomingPacket (/home/workspace/node_modules/esbuild/lib/main.js:677:12)
      at Socket.readFromStdout (/home/workspace/node_modules/esbuild/lib/main.js:600:7)
      at Socket.emit (node:events:508:28)
      at addChunk (node:internal/streams/readable:559:12)
      at readableAddChunkPushByteMode (node:internal/streams/readable:510:3)
      at Readable.push (node:internal/streams/readable:390:5)
      at Pipe.onStreamRead (node:internal/stream_base_commons:189:23)
